<?xml version="1.0" encoding="UTF-8"?>
<!-- Generated by org.testng.reporters.JUnitXMLReporter -->
<testsuite hostname="Ishan-Macs-MacBook-Pro.local" name="Assesment1" tests="5" failures="1" timestamp="18 Feb 2018 13:35:20 GMT" time="22.17" errors="0">
  <testcase name="Scenario4" time="11.019" classname="com.Assesment1.TestScenarios.Scenario4_VerifyMoreProduct"/>
  <testcase name="Scenario5" time="12.783" classname="com.Assesment1.TestScenarios.Scenario5_VerifyProductDetails"/>
  <testcase name="Scenario3" time="17.367" classname="com.Assesment1.TestScenarios.Scenario3_VerifyFilters">
    <failure type="java.lang.AssertionError" message="Test Scenario failed at Step --&amp;gt;&amp;apos; User verifies all the Poducts for keyword &amp;apos;bikerJack&amp;apos;  &amp;apos;. Error is: java.lang.Exception: Following Products are present on the page without keyword &amp;apos;bikerJack&amp;apos; : [ARMA Isabella leren jack met doorgestikte details en inzet van jersey, ARMA Lamb Caprito Tarina jas van lamsleer met kabelgebreide kraag]">
      <![CDATA[java.lang.AssertionError: Test Scenario failed at Step -->' User verifies all the Poducts for keyword 'bikerJack'  '. Error is: java.lang.Exception: Following Products are present on the page without keyword 'bikerJack' : [ARMA Isabella leren jack met doorgestikte details en inzet van jersey, ARMA Lamb Caprito Tarina jas van lamsleer met kabelgebreide kraag]
	at com.Assesment1.TestScenarios.Scenario3_VerifyFilters.Scenario3(Scenario3_VerifyFilters.java:119)
	at java.util.concurrent.ThreadPoolExecutor.runWorker(ThreadPoolExecutor.java:1149)
	at java.util.concurrent.ThreadPoolExecutor$Worker.run(ThreadPoolExecutor.java:624)
	at java.lang.Thread.run(Thread.java:748)
... Removed 11 stack frames]]>
    </failure>
  </testcase> <!-- Scenario3 -->
  <testcase name="Scenario2" time="17.511" classname="com.Assesment1.TestScenarios.Scenario2_VerifyTabFunction"/>
  <testcase name="Scenario1" time="19.398" classname="com.Assesment1.TestScenarios.Scenario1_OpenFilter"/>
</testsuite> <!-- Assesment1 -->
