<?xml version="1.0" encoding="UTF-8"?>
<testng-results skipped="0" failed="0" total="1" passed="1">
  <reporter-output>
  </reporter-output>
  <suite name="Default suite" duration-ms="12504" started-at="2018-02-13T17:49:24Z" finished-at="2018-02-13T17:49:37Z">
    <groups>
    </groups>
    <test name="Default test" duration-ms="12504" started-at="2018-02-13T17:49:24Z" finished-at="2018-02-13T17:49:37Z">
      <class name="com.framework.TestCases.Assesment_TC1">
        <test-method status="PASS" signature="getBrowser()[pri:0, instance:com.framework.TestCases.Assesment_TC1@7e0ea639]" name="getBrowser" is-config="true" duration-ms="1313" started-at="2018-02-13T23:19:24Z" finished-at="2018-02-13T23:19:26Z">
          <reporter-output>
          </reporter-output>
        </test-method> <!-- getBrowser -->
        <test-method status="PASS" signature="Scenario1()[pri:0, instance:com.framework.TestCases.Assesment_TC1@7e0ea639]" name="Scenario1" duration-ms="11036" started-at="2018-02-13T23:19:26Z" finished-at="2018-02-13T23:19:37Z">
          <reporter-output>
          </reporter-output>
        </test-method> <!-- Scenario1 -->
        <test-method status="PASS" signature="tearDown()[pri:0, instance:com.framework.TestCases.Assesment_TC1@7e0ea639]" name="tearDown" is-config="true" duration-ms="146" started-at="2018-02-13T23:19:37Z" finished-at="2018-02-13T23:19:37Z">
          <reporter-output>
          </reporter-output>
        </test-method> <!-- tearDown -->
      </class> <!-- com.framework.TestCases.Assesment_TC1 -->
    </test> <!-- Default test -->
  </suite> <!-- Default suite -->
</testng-results>
